2023-06-18 17:04:23 [INFO ] Load generated SIDs from id_sleephmc.txt
2023-06-18 17:04:23 [INFO ] SIDs (10): [0 1 2 3 4 5 6 7 8 9]
2023-06-18 17:04:23 [INFO ] Train SIDs: (8) [1 2 3 4 5 6 7 9]
2023-06-18 17:04:23 [INFO ] Valid SIDs: (1) [8]
2023-06-18 17:04:23 [INFO ] Test SIDs: (1) [0]
2023-06-18 17:04:24 [INFO ] Training set (n_night_sleeps=96)
2023-06-18 17:04:24 [INFO ] (36, 500, 1, 1)
2023-06-18 17:04:24 [INFO ] (36, 500, 1, 1)
2023-06-18 17:04:24 [INFO ] (72, 500, 1, 1)
2023-06-18 17:04:24 [INFO ] (72, 500, 1, 1)
2023-06-18 17:04:24 [INFO ] (36, 500, 1, 1)
2023-06-18 17:04:24 [INFO ] (36, 500, 1, 1)
2023-06-18 17:04:24 [INFO ] (72, 500, 1, 1)
2023-06-18 17:04:24 [INFO ] (36, 500, 1, 1)
2023-06-18 17:04:24 [INFO ] (72, 500, 1, 1)
2023-06-18 17:04:24 [INFO ] (72, 500, 1, 1)
2023-06-18 17:04:24 [INFO ] (72, 500, 1, 1)
2023-06-18 17:04:24 [INFO ] (36, 500, 1, 1)
2023-06-18 17:04:24 [INFO ] (36, 500, 1, 1)
2023-06-18 17:04:24 [INFO ] (72, 500, 1, 1)
2023-06-18 17:04:24 [INFO ] (72, 500, 1, 1)
2023-06-18 17:04:24 [INFO ] (36, 500, 1, 1)
2023-06-18 17:04:24 [INFO ] (72, 500, 1, 1)
2023-06-18 17:04:24 [INFO ] (72, 500, 1, 1)
2023-06-18 17:04:24 [INFO ] (72, 500, 1, 1)
2023-06-18 17:04:24 [INFO ] (36, 500, 1, 1)
2023-06-18 17:04:24 [INFO ] (36, 500, 1, 1)
2023-06-18 17:04:24 [INFO ] (72, 500, 1, 1)
2023-06-18 17:04:24 [INFO ] (36, 500, 1, 1)
2023-06-18 17:04:24 [INFO ] (36, 500, 1, 1)
2023-06-18 17:04:24 [INFO ] (72, 500, 1, 1)
2023-06-18 17:04:24 [INFO ] (72, 500, 1, 1)
2023-06-18 17:04:24 [INFO ] (72, 500, 1, 1)
2023-06-18 17:04:24 [INFO ] (36, 500, 1, 1)
2023-06-18 17:04:24 [INFO ] (72, 500, 1, 1)
2023-06-18 17:04:24 [INFO ] (36, 500, 1, 1)
2023-06-18 17:04:24 [INFO ] (36, 500, 1, 1)
2023-06-18 17:04:24 [INFO ] (36, 500, 1, 1)
2023-06-18 17:04:24 [INFO ] (36, 500, 1, 1)
2023-06-18 17:04:24 [INFO ] (36, 500, 1, 1)
2023-06-18 17:04:24 [INFO ] (72, 500, 1, 1)
2023-06-18 17:04:24 [INFO ] (72, 500, 1, 1)
2023-06-18 17:04:24 [INFO ] (72, 500, 1, 1)
2023-06-18 17:04:24 [INFO ] (72, 500, 1, 1)
2023-06-18 17:04:24 [INFO ] (72, 500, 1, 1)
2023-06-18 17:04:24 [INFO ] (36, 500, 1, 1)
2023-06-18 17:04:24 [INFO ] (72, 500, 1, 1)
2023-06-18 17:04:24 [INFO ] (36, 500, 1, 1)
2023-06-18 17:04:24 [INFO ] (36, 500, 1, 1)
2023-06-18 17:04:24 [INFO ] (36, 500, 1, 1)
2023-06-18 17:04:24 [INFO ] (36, 500, 1, 1)
2023-06-18 17:04:24 [INFO ] (72, 500, 1, 1)
2023-06-18 17:04:24 [INFO ] (36, 500, 1, 1)
2023-06-18 17:04:24 [INFO ] (72, 500, 1, 1)
2023-06-18 17:04:24 [INFO ] (72, 500, 1, 1)
2023-06-18 17:04:24 [INFO ] (36, 500, 1, 1)
2023-06-18 17:04:24 [INFO ] (36, 500, 1, 1)
2023-06-18 17:04:24 [INFO ] (72, 500, 1, 1)
2023-06-18 17:04:24 [INFO ] (36, 500, 1, 1)
2023-06-18 17:04:24 [INFO ] (36, 500, 1, 1)
2023-06-18 17:04:24 [INFO ] (72, 500, 1, 1)
2023-06-18 17:04:24 [INFO ] (72, 500, 1, 1)
2023-06-18 17:04:24 [INFO ] (36, 500, 1, 1)
2023-06-18 17:04:24 [INFO ] (72, 500, 1, 1)
2023-06-18 17:04:24 [INFO ] (36, 500, 1, 1)
2023-06-18 17:04:24 [INFO ] (72, 500, 1, 1)
2023-06-18 17:04:24 [INFO ] (72, 500, 1, 1)
2023-06-18 17:04:24 [INFO ] (36, 500, 1, 1)
2023-06-18 17:04:24 [INFO ] (72, 500, 1, 1)
2023-06-18 17:04:24 [INFO ] (72, 500, 1, 1)
2023-06-18 17:04:24 [INFO ] (36, 500, 1, 1)
2023-06-18 17:04:24 [INFO ] (36, 500, 1, 1)
2023-06-18 17:04:24 [INFO ] (36, 500, 1, 1)
2023-06-18 17:04:24 [INFO ] (72, 500, 1, 1)
2023-06-18 17:04:24 [INFO ] (36, 500, 1, 1)
2023-06-18 17:04:24 [INFO ] (72, 500, 1, 1)
2023-06-18 17:04:24 [INFO ] (36, 500, 1, 1)
2023-06-18 17:04:24 [INFO ] (72, 500, 1, 1)
2023-06-18 17:04:24 [INFO ] (72, 500, 1, 1)
2023-06-18 17:04:24 [INFO ] (36, 500, 1, 1)
2023-06-18 17:04:24 [INFO ] (72, 500, 1, 1)
2023-06-18 17:04:24 [INFO ] (72, 500, 1, 1)
2023-06-18 17:04:24 [INFO ] (72, 500, 1, 1)
2023-06-18 17:04:24 [INFO ] (36, 500, 1, 1)
2023-06-18 17:04:24 [INFO ] (36, 500, 1, 1)
2023-06-18 17:04:24 [INFO ] (36, 500, 1, 1)
2023-06-18 17:04:24 [INFO ] (72, 500, 1, 1)
2023-06-18 17:04:24 [INFO ] (72, 500, 1, 1)
2023-06-18 17:04:24 [INFO ] (36, 500, 1, 1)
2023-06-18 17:04:24 [INFO ] (36, 500, 1, 1)
2023-06-18 17:04:24 [INFO ] (36, 500, 1, 1)
2023-06-18 17:04:24 [INFO ] (72, 500, 1, 1)
2023-06-18 17:04:24 [INFO ] (72, 500, 1, 1)
2023-06-18 17:04:24 [INFO ] (72, 500, 1, 1)
2023-06-18 17:04:24 [INFO ] (72, 500, 1, 1)
2023-06-18 17:04:24 [INFO ] (72, 500, 1, 1)
2023-06-18 17:04:24 [INFO ] (36, 500, 1, 1)
2023-06-18 17:04:24 [INFO ] (72, 500, 1, 1)
2023-06-18 17:04:24 [INFO ] (36, 500, 1, 1)
2023-06-18 17:04:24 [INFO ] (36, 500, 1, 1)
2023-06-18 17:04:24 [INFO ] (36, 500, 1, 1)
2023-06-18 17:04:24 [INFO ] (36, 500, 1, 1)
2023-06-18 17:04:24 [INFO ] Validation set (n_night_sleeps=12)
2023-06-18 17:04:24 [INFO ] (36, 500, 1, 1)
2023-06-18 17:04:24 [INFO ] (72, 500, 1, 1)
2023-06-18 17:04:24 [INFO ] (72, 500, 1, 1)
2023-06-18 17:04:24 [INFO ] (72, 500, 1, 1)
2023-06-18 17:04:24 [INFO ] (72, 500, 1, 1)
2023-06-18 17:04:24 [INFO ] (36, 500, 1, 1)
2023-06-18 17:04:24 [INFO ] (36, 500, 1, 1)
2023-06-18 17:04:24 [INFO ] (36, 500, 1, 1)
2023-06-18 17:04:24 [INFO ] (36, 500, 1, 1)
2023-06-18 17:04:24 [INFO ] (36, 500, 1, 1)
2023-06-18 17:04:24 [INFO ] (72, 500, 1, 1)
2023-06-18 17:04:24 [INFO ] (72, 500, 1, 1)
2023-06-18 17:04:24 [INFO ] Test set (n_night_sleeps=12)
2023-06-18 17:04:24 [INFO ] (72, 500, 1, 1)
2023-06-18 17:04:24 [INFO ] (72, 500, 1, 1)
2023-06-18 17:04:24 [INFO ] (72, 500, 1, 1)
2023-06-18 17:04:24 [INFO ] (36, 500, 1, 1)
2023-06-18 17:04:24 [INFO ] (36, 500, 1, 1)
2023-06-18 17:04:24 [INFO ] (36, 500, 1, 1)
2023-06-18 17:04:24 [INFO ] (36, 500, 1, 1)
2023-06-18 17:04:24 [INFO ] (72, 500, 1, 1)
2023-06-18 17:04:24 [INFO ] (36, 500, 1, 1)
2023-06-18 17:04:24 [INFO ] (72, 500, 1, 1)
2023-06-18 17:04:24 [INFO ] (72, 500, 1, 1)
2023-06-18 17:04:24 [INFO ] (36, 500, 1, 1)
2023-06-18 17:04:24 [INFO ]   Weighted cross entropy: False
2023-06-18 17:04:24 [INFO ]   Weighted cross entropy: [1. 1. 1. 1. 1.]
